Started at Mon May 13 08:35:21 UTC 2024
Processing Checkstyle_Job
Offering Checkstyle_Job to Project Build Discarder
Processing FindBugs_Job
Offering FindBugs_Job to Project Build Discarder
Processing FindBugs_pmd_Job
Offering FindBugs_pmd_Job to Project Build Discarder
Processing FirstPipeline
Offering FirstPipeline to Project Build Discarder
Processing jenkins_sonar
Offering jenkins_sonar to Project Build Discarder
Processing JMeter_Petclinic_free-style
Offering JMeter_Petclinic_free-style to Project Build Discarder
Processing labs_03_petclinik
Offering labs_03_petclinik to Project Build Discarder
Processing Petclinic_Build_Push_Docker
Offering Petclinic_Build_Push_Docker to Project Build Discarder
Processing Petclinic_JMeter
Offering Petclinic_JMeter to Project Build Discarder
Processing Petclinic_OWASP-ZAP
Offering Petclinic_OWASP-ZAP to Project Build Discarder
Processing Petclinic_Pipeline
Offering Petclinic_Pipeline to Project Build Discarder
Processing Petclinic_Pull_Docker
Offering Petclinic_Pull_Docker to Project Build Discarder
Processing Petclinic_Start_SonarQube
Offering Petclinic_Start_SonarQube to Project Build Discarder
Processing PipeLineAgent
Offering PipeLineAgent to Project Build Discarder
Processing PipeLineAgent2
Offering PipeLineAgent2 to Project Build Discarder
Processing TestJavaPipeline
Offering TestJavaPipeline to Project Build Discarder
Processing TestJavaPipelineSCM
Offering TestJavaPipelineSCM to Project Build Discarder
Finished at Mon May 13 08:35:21 UTC 2024. 13ms
Started at Mon May 13 09:35:21 UTC 2024
Processing Checkstyle_Job
Offering Checkstyle_Job to Project Build Discarder
Processing FindBugs_Job
Offering FindBugs_Job to Project Build Discarder
Processing FindBugs_pmd_Job
Offering FindBugs_pmd_Job to Project Build Discarder
Processing FirstPipeline
Offering FirstPipeline to Project Build Discarder
Processing jenkins_sonar
Offering jenkins_sonar to Project Build Discarder
Processing JMeter_Petclinic_free-style
Offering JMeter_Petclinic_free-style to Project Build Discarder
Processing labs_03_petclinik
Offering labs_03_petclinik to Project Build Discarder
Processing Petclinic_Build_Push_Docker
Offering Petclinic_Build_Push_Docker to Project Build Discarder
Processing Petclinic_JMeter
Offering Petclinic_JMeter to Project Build Discarder
Processing Petclinic_OWASP-ZAP
Offering Petclinic_OWASP-ZAP to Project Build Discarder
Processing Petclinic_Pipeline
Offering Petclinic_Pipeline to Project Build Discarder
Processing Petclinic_Pull_Docker
Offering Petclinic_Pull_Docker to Project Build Discarder
Processing Petclinic_Start_SonarQube
Offering Petclinic_Start_SonarQube to Project Build Discarder
Processing PipeLineAgent
Offering PipeLineAgent to Project Build Discarder
Processing PipeLineAgent2
Offering PipeLineAgent2 to Project Build Discarder
Processing TestJavaPipeline
Offering TestJavaPipeline to Project Build Discarder
Processing TestJavaPipelineSCM
Offering TestJavaPipelineSCM to Project Build Discarder
Finished at Mon May 13 09:35:21 UTC 2024. 8ms
Started at Mon May 13 10:35:21 UTC 2024
Processing Checkstyle_Job
Offering Checkstyle_Job to Project Build Discarder
Processing FindBugs_Job
Offering FindBugs_Job to Project Build Discarder
Processing FindBugs_pmd_Job
Offering FindBugs_pmd_Job to Project Build Discarder
Processing FirstPipeline
Offering FirstPipeline to Project Build Discarder
Processing jenkins_sonar
Offering jenkins_sonar to Project Build Discarder
Processing JMeter_Petclinic_free-style
Offering JMeter_Petclinic_free-style to Project Build Discarder
Processing labs_03_petclinik
Offering labs_03_petclinik to Project Build Discarder
Processing Petclinic_Build_Push_Docker
Offering Petclinic_Build_Push_Docker to Project Build Discarder
Processing Petclinic_JMeter
Offering Petclinic_JMeter to Project Build Discarder
Processing Petclinic_OWASP-ZAP
Offering Petclinic_OWASP-ZAP to Project Build Discarder
Processing Petclinic_Pipeline
Offering Petclinic_Pipeline to Project Build Discarder
Processing Petclinic_Pull_Docker
Offering Petclinic_Pull_Docker to Project Build Discarder
Processing Petclinic_Start_SonarQube
Offering Petclinic_Start_SonarQube to Project Build Discarder
Processing PipeLineAgent
Offering PipeLineAgent to Project Build Discarder
Processing PipeLineAgent2
Offering PipeLineAgent2 to Project Build Discarder
Processing TestJavaPipeline
Offering TestJavaPipeline to Project Build Discarder
Processing TestJavaPipelineSCM
Offering TestJavaPipelineSCM to Project Build Discarder
Finished at Mon May 13 10:35:21 UTC 2024. 4ms
Started at Mon May 13 11:35:21 UTC 2024
Processing Checkstyle_Job
Offering Checkstyle_Job to Project Build Discarder
Processing FindBugs_Job
Offering FindBugs_Job to Project Build Discarder
Processing FindBugs_pmd_Job
Offering FindBugs_pmd_Job to Project Build Discarder
Processing FirstPipeline
Offering FirstPipeline to Project Build Discarder
Processing jenkins_sonar
Offering jenkins_sonar to Project Build Discarder
Processing JMeter_Petclinic_free-style
Offering JMeter_Petclinic_free-style to Project Build Discarder
Processing labs_03_petclinik
Offering labs_03_petclinik to Project Build Discarder
Processing Petclinic_Build_Push_Docker
Offering Petclinic_Build_Push_Docker to Project Build Discarder
Processing Petclinic_JMeter
Offering Petclinic_JMeter to Project Build Discarder
Processing Petclinic_OWASP-ZAP
Offering Petclinic_OWASP-ZAP to Project Build Discarder
Processing Petclinic_Pipeline
Offering Petclinic_Pipeline to Project Build Discarder
Processing Petclinic_Pull_Docker
Offering Petclinic_Pull_Docker to Project Build Discarder
Processing Petclinic_Start_SonarQube
Offering Petclinic_Start_SonarQube to Project Build Discarder
Processing PipeLineAgent
Offering PipeLineAgent to Project Build Discarder
Processing PipeLineAgent2
Offering PipeLineAgent2 to Project Build Discarder
Processing TestJavaPipeline
Offering TestJavaPipeline to Project Build Discarder
Processing TestJavaPipelineSCM
Offering TestJavaPipelineSCM to Project Build Discarder
Finished at Mon May 13 11:35:21 UTC 2024. 9ms
Started at Mon May 13 12:35:21 UTC 2024
Processing Checkstyle_Job
Offering Checkstyle_Job to Project Build Discarder
Processing FindBugs_Job
Offering FindBugs_Job to Project Build Discarder
Processing FindBugs_pmd_Job
Offering FindBugs_pmd_Job to Project Build Discarder
Processing FirstPipeline
Offering FirstPipeline to Project Build Discarder
Processing jenkins_sonar
Offering jenkins_sonar to Project Build Discarder
Processing JMeter_Petclinic_free-style
Offering JMeter_Petclinic_free-style to Project Build Discarder
Processing labs_03_petclinik
Offering labs_03_petclinik to Project Build Discarder
Processing Petclinic_Build_Push_Docker
Offering Petclinic_Build_Push_Docker to Project Build Discarder
Processing Petclinic_JMeter
Offering Petclinic_JMeter to Project Build Discarder
Processing Petclinic_OWASP-ZAP
Offering Petclinic_OWASP-ZAP to Project Build Discarder
Processing Petclinic_Pipeline
Offering Petclinic_Pipeline to Project Build Discarder
Processing Petclinic_Pull_Docker
Offering Petclinic_Pull_Docker to Project Build Discarder
Processing Petclinic_Start_SonarQube
Offering Petclinic_Start_SonarQube to Project Build Discarder
Processing PipeLineAgent
Offering PipeLineAgent to Project Build Discarder
Processing PipeLineAgent2
Offering PipeLineAgent2 to Project Build Discarder
Processing TestJavaPipeline
Offering TestJavaPipeline to Project Build Discarder
Processing TestJavaPipelineSCM
Offering TestJavaPipelineSCM to Project Build Discarder
Finished at Mon May 13 12:35:21 UTC 2024. 4ms
Started at Mon May 13 13:35:21 UTC 2024
Processing Checkstyle_Job
Offering Checkstyle_Job to Project Build Discarder
Processing FindBugs_Job
Offering FindBugs_Job to Project Build Discarder
Processing FindBugs_pmd_Job
Offering FindBugs_pmd_Job to Project Build Discarder
Processing FirstPipeline
Offering FirstPipeline to Project Build Discarder
Processing jenkins_sonar
Offering jenkins_sonar to Project Build Discarder
Processing JMeter_Petclinic_free-style
Offering JMeter_Petclinic_free-style to Project Build Discarder
Processing labs_03_petclinik
Offering labs_03_petclinik to Project Build Discarder
Processing Petclinic_Build_Push_Docker
Offering Petclinic_Build_Push_Docker to Project Build Discarder
Processing Petclinic_JMeter
Offering Petclinic_JMeter to Project Build Discarder
Processing Petclinic_OWASP-ZAP
Offering Petclinic_OWASP-ZAP to Project Build Discarder
Processing Petclinic_Pipeline
Offering Petclinic_Pipeline to Project Build Discarder
Processing Petclinic_Pull_Docker
Offering Petclinic_Pull_Docker to Project Build Discarder
Processing Petclinic_Start_SonarQube
Offering Petclinic_Start_SonarQube to Project Build Discarder
Processing PipeLineAgent
Offering PipeLineAgent to Project Build Discarder
Processing PipeLineAgent2
Offering PipeLineAgent2 to Project Build Discarder
Processing TestJavaPipeline
Offering TestJavaPipeline to Project Build Discarder
Processing TestJavaPipelineSCM
Offering TestJavaPipelineSCM to Project Build Discarder
Finished at Mon May 13 13:35:21 UTC 2024. 5ms
